{"name":"loginUserUnsuccessfulTest","status":"broken","statusDetails":{"known":false,"muted":false,"flaky":false,"message":"Problem with reading the data, class model.response.MissingPasswordResponse, ContentType: application/json;charset=utf-8.","trace":"javax.ws.rs.client.ResponseProcessingException: Problem with reading the data, class model.response.MissingPasswordResponse, ContentType: application/json;charset=utf-8.\r\n\tat org.apache.cxf.jaxrs.impl.ResponseImpl.reportMessageHandlerProblem(ResponseImpl.java:437)\r\n\tat org.apache.cxf.jaxrs.impl.ResponseImpl.doReadEntity(ResponseImpl.java:379)\r\n\tat org.apache.cxf.jaxrs.impl.ResponseImpl.readEntity(ResponseImpl.java:314)\r\n\tat org.apache.cxf.jaxrs.impl.ResponseImpl.readEntity(ResponseImpl.java:304)\r\n\tat bo.LoginUserBO.loginUserUnsuccessful(LoginUserBO.java:29)\r\n\tat integration.ClientTest.loginUserUnsuccessfulTest(ClientTest.java:81)\r\n\tat sun.reflect.NativeMethodAccessorImpl.invoke0(Native Method)\r\n\tat sun.reflect.NativeMethodAccessorImpl.invoke(NativeMethodAccessorImpl.java:62)\r\n\tat sun.reflect.DelegatingMethodAccessorImpl.invoke(DelegatingMethodAccessorImpl.java:43)\r\n\tat java.lang.reflect.Method.invoke(Method.java:498)\r\n\tat org.testng.internal.MethodInvocationHelper.invokeMethod(MethodInvocationHelper.java:131)\r\n\tat org.testng.internal.TestInvoker.invokeMethod(TestInvoker.java:570)\r\n\tat org.testng.internal.TestInvoker.invokeTestMethod(TestInvoker.java:170)\r\n\tat org.testng.internal.MethodRunner.runInSequence(MethodRunner.java:46)\r\n\tat org.testng.internal.TestInvoker$MethodInvocationAgent.invoke(TestInvoker.java:790)\r\n\tat org.testng.internal.TestInvoker.invokeTestMethods(TestInvoker.java:143)\r\n\tat org.testng.internal.TestMethodWorker.invokeTestMethods(TestMethodWorker.java:146)\r\n\tat org.testng.internal.TestMethodWorker.run(TestMethodWorker.java:128)\r\n\tat org.testng.TestRunner.privateRun(TestRunner.java:763)\r\n\tat org.testng.TestRunner.run(TestRunner.java:594)\r\n\tat org.testng.SuiteRunner.runTest(SuiteRunner.java:398)\r\n\tat org.testng.SuiteRunner.runSequentially(SuiteRunner.java:392)\r\n\tat org.testng.SuiteRunner.privateRun(SuiteRunner.java:355)\r\n\tat org.testng.SuiteRunner.run(SuiteRunner.java:304)\r\n\tat org.testng.SuiteRunnerWorker.runSuite(SuiteRunnerWorker.java:53)\r\n\tat org.testng.SuiteRunnerWorker.run(SuiteRunnerWorker.java:96)\r\n\tat org.testng.TestNG.runSuitesSequentially(TestNG.java:1146)\r\n\tat org.testng.TestNG.runSuitesLocally(TestNG.java:1067)\r\n\tat org.testng.TestNG.runSuites(TestNG.java:997)\r\n\tat org.testng.TestNG.run(TestNG.java:965)\r\n\tat org.testng.IDEARemoteTestNG.run(IDEARemoteTestNG.java:72)\r\n\tat org.testng.RemoteTestNGStarter.main(RemoteTestNGStarter.java:123)\r\nCaused by: java.io.IOException: stream is closed\r\n\tat sun.net.www.protocol.http.HttpURLConnection$HttpInputStream.ensureOpen(HttpURLConnection.java:3366)\r\n\tat sun.net.www.protocol.http.HttpURLConnection$HttpInputStream.read(HttpURLConnection.java:3391)\r\n\tat org.codehaus.jackson.impl.ByteSourceBootstrapper.ensureLoaded(ByteSourceBootstrapper.java:507)\r\n\tat org.codehaus.jackson.impl.ByteSourceBootstrapper.detectEncoding(ByteSourceBootstrapper.java:129)\r\n\tat org.codehaus.jackson.impl.ByteSourceBootstrapper.constructParser(ByteSourceBootstrapper.java:224)\r\n\tat org.codehaus.jackson.JsonFactory._createJsonParser(JsonFactory.java:785)\r\n\tat org.codehaus.jackson.JsonFactory.createJsonParser(JsonFactory.java:561)\r\n\tat org.codehaus.jackson.jaxrs.JacksonJsonProvider.readFrom(JacksonJsonProvider.java:414)\r\n\tat org.apache.cxf.jaxrs.utils.JAXRSUtils.readFromMessageBodyReader(JAXRSUtils.java:1406)\r\n\tat org.apache.cxf.jaxrs.impl.ResponseImpl.doReadEntity(ResponseImpl.java:370)\r\n\t... 30 more\r\n"},"stage":"finished","steps":[{"name":"Login user with not full credential UserCredential(email=Olga@gmail.com, password=null)","status":"broken","statusDetails":{"known":false,"muted":false,"flaky":false,"message":"Problem with reading the data, class model.response.MissingPasswordResponse, ContentType: application/json;charset=utf-8.","trace":"javax.ws.rs.client.ResponseProcessingException: Problem with reading the data, class model.response.MissingPasswordResponse, ContentType: application/json;charset=utf-8.\r\n\tat org.apache.cxf.jaxrs.impl.ResponseImpl.reportMessageHandlerProblem(ResponseImpl.java:437)\r\n\tat org.apache.cxf.jaxrs.impl.ResponseImpl.doReadEntity(ResponseImpl.java:379)\r\n\tat org.apache.cxf.jaxrs.impl.ResponseImpl.readEntity(ResponseImpl.java:314)\r\n\tat org.apache.cxf.jaxrs.impl.ResponseImpl.readEntity(ResponseImpl.java:304)\r\n\tat bo.LoginUserBO.loginUserUnsuccessful(LoginUserBO.java:29)\r\n\tat integration.ClientTest.loginUserUnsuccessfulTest(ClientTest.java:81)\r\n\tat sun.reflect.NativeMethodAccessorImpl.invoke0(Native Method)\r\n\tat sun.reflect.NativeMethodAccessorImpl.invoke(NativeMethodAccessorImpl.java:62)\r\n\tat sun.reflect.DelegatingMethodAccessorImpl.invoke(DelegatingMethodAccessorImpl.java:43)\r\n\tat java.lang.reflect.Method.invoke(Method.java:498)\r\n\tat org.testng.internal.MethodInvocationHelper.invokeMethod(MethodInvocationHelper.java:131)\r\n\tat org.testng.internal.TestInvoker.invokeMethod(TestInvoker.java:570)\r\n\tat org.testng.internal.TestInvoker.invokeTestMethod(TestInvoker.java:170)\r\n\tat org.testng.internal.MethodRunner.runInSequence(MethodRunner.java:46)\r\n\tat org.testng.internal.TestInvoker$MethodInvocationAgent.invoke(TestInvoker.java:790)\r\n\tat org.testng.internal.TestInvoker.invokeTestMethods(TestInvoker.java:143)\r\n\tat org.testng.internal.TestMethodWorker.invokeTestMethods(TestMethodWorker.java:146)\r\n\tat org.testng.internal.TestMethodWorker.run(TestMethodWorker.java:128)\r\n\tat org.testng.TestRunner.privateRun(TestRunner.java:763)\r\n\tat org.testng.TestRunner.run(TestRunner.java:594)\r\n\tat org.testng.SuiteRunner.runTest(SuiteRunner.java:398)\r\n\tat org.testng.SuiteRunner.runSequentially(SuiteRunner.java:392)\r\n\tat org.testng.SuiteRunner.privateRun(SuiteRunner.java:355)\r\n\tat org.testng.SuiteRunner.run(SuiteRunner.java:304)\r\n\tat org.testng.SuiteRunnerWorker.runSuite(SuiteRunnerWorker.java:53)\r\n\tat org.testng.SuiteRunnerWorker.run(SuiteRunnerWorker.java:96)\r\n\tat org.testng.TestNG.runSuitesSequentially(TestNG.java:1146)\r\n\tat org.testng.TestNG.runSuitesLocally(TestNG.java:1067)\r\n\tat org.testng.TestNG.runSuites(TestNG.java:997)\r\n\tat org.testng.TestNG.run(TestNG.java:965)\r\n\tat org.testng.IDEARemoteTestNG.run(IDEARemoteTestNG.java:72)\r\n\tat org.testng.RemoteTestNGStarter.main(RemoteTestNGStarter.java:123)\r\nCaused by: java.io.IOException: stream is closed\r\n\tat sun.net.www.protocol.http.HttpURLConnection$HttpInputStream.ensureOpen(HttpURLConnection.java:3366)\r\n\tat sun.net.www.protocol.http.HttpURLConnection$HttpInputStream.read(HttpURLConnection.java:3391)\r\n\tat org.codehaus.jackson.impl.ByteSourceBootstrapper.ensureLoaded(ByteSourceBootstrapper.java:507)\r\n\tat org.codehaus.jackson.impl.ByteSourceBootstrapper.detectEncoding(ByteSourceBootstrapper.java:129)\r\n\tat org.codehaus.jackson.impl.ByteSourceBootstrapper.constructParser(ByteSourceBootstrapper.java:224)\r\n\tat org.codehaus.jackson.JsonFactory._createJsonParser(JsonFactory.java:785)\r\n\tat org.codehaus.jackson.JsonFactory.createJsonParser(JsonFactory.java:561)\r\n\tat org.codehaus.jackson.jaxrs.JacksonJsonProvider.readFrom(JacksonJsonProvider.java:414)\r\n\tat org.apache.cxf.jaxrs.utils.JAXRSUtils.readFromMessageBodyReader(JAXRSUtils.java:1406)\r\n\tat org.apache.cxf.jaxrs.impl.ResponseImpl.doReadEntity(ResponseImpl.java:370)\r\n\t... 30 more\r\n"},"stage":"finished","steps":[],"attachments":[],"parameters":[{"name":"userCredential","value":"UserCredential(email=Olga@gmail.com, password=null)"}],"start":1576343599616,"stop":1576343599835}],"attachments":[{"name":"Test logs","source":"2b82381f-5282-48b0-b78c-fcd2ae7f640d-attachment","type":"text/html"}],"parameters":[{"name":"userId","value":"8"}],"start":1576343599615,"stop":1576343599839,"uuid":"2840463b-7f63-4949-9287-e64693364dc9","historyId":"a5da8738d33867773b97ccfd40d1a9f6","fullName":"integration.ClientTest.loginUserUnsuccessfulTest","labels":[{"name":"package","value":"integration.ClientTest"},{"name":"testClass","value":"integration.ClientTest"},{"name":"testMethod","value":"loginUserUnsuccessfulTest"},{"name":"parentSuite","value":"TestNgParametersSuite"},{"name":"suite","value":"TestNgParametersTest"},{"name":"subSuite","value":"integration.ClientTest"},{"name":"host","value":"Romanka-ПК"},{"name":"thread","value":"3284@Romanka-ПК.main(1)"},{"name":"framework","value":"testng"},{"name":"language","value":"java"}],"links":[]}