{"name":"getUserAndPartOfUsersTest","status":"broken","statusDetails":{"known":false,"muted":false,"flaky":false,"message":"com/fasterxml/jackson/module/paramnames/ParameterNamesModule","trace":"java.lang.NoClassDefFoundError: com/fasterxml/jackson/module/paramnames/ParameterNamesModule\r\n\tat bo.UserBO.getUserById(UserBO.java:38)\r\n\tat integration.ClientTest.getUserAndPartOfUsersTest(ClientTest.java:100)\r\n\tat java.base/jdk.internal.reflect.NativeMethodAccessorImpl.invoke0(Native Method)\r\n\tat java.base/jdk.internal.reflect.NativeMethodAccessorImpl.invoke(NativeMethodAccessorImpl.java:62)\r\n\tat java.base/jdk.internal.reflect.DelegatingMethodAccessorImpl.invoke(DelegatingMethodAccessorImpl.java:43)\r\n\tat java.base/java.lang.reflect.Method.invoke(Method.java:566)\r\n\tat org.testng.internal.MethodInvocationHelper.invokeMethod(MethodInvocationHelper.java:131)\r\n\tat org.testng.internal.TestInvoker.invokeMethod(TestInvoker.java:570)\r\n\tat org.testng.internal.TestInvoker.invokeTestMethod(TestInvoker.java:170)\r\n\tat org.testng.internal.MethodRunner.runInSequence(MethodRunner.java:46)\r\n\tat org.testng.internal.TestInvoker$MethodInvocationAgent.invoke(TestInvoker.java:790)\r\n\tat org.testng.internal.TestInvoker.invokeTestMethods(TestInvoker.java:143)\r\n\tat org.testng.internal.TestMethodWorker.invokeTestMethods(TestMethodWorker.java:146)\r\n\tat org.testng.internal.TestMethodWorker.run(TestMethodWorker.java:128)\r\n\tat java.base/java.util.concurrent.ThreadPoolExecutor.runWorker(ThreadPoolExecutor.java:1128)\r\n\tat java.base/java.util.concurrent.ThreadPoolExecutor$Worker.run(ThreadPoolExecutor.java:628)\r\n\tat java.base/java.lang.Thread.run(Thread.java:834)\r\nCaused by: java.lang.ClassNotFoundException: com.fasterxml.jackson.module.paramnames.ParameterNamesModule\r\n\tat java.base/jdk.internal.loader.BuiltinClassLoader.loadClass(BuiltinClassLoader.java:583)\r\n\tat java.base/jdk.internal.loader.ClassLoaders$AppClassLoader.loadClass(ClassLoaders.java:178)\r\n\tat java.base/java.lang.ClassLoader.loadClass(ClassLoader.java:521)\r\n\t... 17 more\r\n"},"stage":"finished","steps":[{"name":"Find user with id: 8","status":"broken","statusDetails":{"known":false,"muted":false,"flaky":false,"message":"com/fasterxml/jackson/module/paramnames/ParameterNamesModule","trace":"java.lang.NoClassDefFoundError: com/fasterxml/jackson/module/paramnames/ParameterNamesModule\r\n\tat bo.UserBO.getUserById(UserBO.java:38)\r\n\tat integration.ClientTest.getUserAndPartOfUsersTest(ClientTest.java:100)\r\n\tat java.base/jdk.internal.reflect.NativeMethodAccessorImpl.invoke0(Native Method)\r\n\tat java.base/jdk.internal.reflect.NativeMethodAccessorImpl.invoke(NativeMethodAccessorImpl.java:62)\r\n\tat java.base/jdk.internal.reflect.DelegatingMethodAccessorImpl.invoke(DelegatingMethodAccessorImpl.java:43)\r\n\tat java.base/java.lang.reflect.Method.invoke(Method.java:566)\r\n\tat org.testng.internal.MethodInvocationHelper.invokeMethod(MethodInvocationHelper.java:131)\r\n\tat org.testng.internal.TestInvoker.invokeMethod(TestInvoker.java:570)\r\n\tat org.testng.internal.TestInvoker.invokeTestMethod(TestInvoker.java:170)\r\n\tat org.testng.internal.MethodRunner.runInSequence(MethodRunner.java:46)\r\n\tat org.testng.internal.TestInvoker$MethodInvocationAgent.invoke(TestInvoker.java:790)\r\n\tat org.testng.internal.TestInvoker.invokeTestMethods(TestInvoker.java:143)\r\n\tat org.testng.internal.TestMethodWorker.invokeTestMethods(TestMethodWorker.java:146)\r\n\tat org.testng.internal.TestMethodWorker.run(TestMethodWorker.java:128)\r\n\tat java.base/java.util.concurrent.ThreadPoolExecutor.runWorker(ThreadPoolExecutor.java:1128)\r\n\tat java.base/java.util.concurrent.ThreadPoolExecutor$Worker.run(ThreadPoolExecutor.java:628)\r\n\tat java.base/java.lang.Thread.run(Thread.java:834)\r\nCaused by: java.lang.ClassNotFoundException: com.fasterxml.jackson.module.paramnames.ParameterNamesModule\r\n\tat java.base/jdk.internal.loader.BuiltinClassLoader.loadClass(BuiltinClassLoader.java:583)\r\n\tat java.base/jdk.internal.loader.ClassLoaders$AppClassLoader.loadClass(ClassLoaders.java:178)\r\n\tat java.base/java.lang.ClassLoader.loadClass(ClassLoader.java:521)\r\n\t... 17 more\r\n"},"stage":"finished","steps":[],"attachments":[],"parameters":[{"name":"id","value":"8"}],"start":1575817746614,"stop":1575817746726}],"attachments":[],"parameters":[{"name":"userId","value":"8"}],"start":1575817746614,"stop":1575817746726,"uuid":"3cdb5c9f-e751-4f0b-8422-0c4bbaba8692","historyId":"90528cef83a95196d90ee2684e734f52","fullName":"integration.ClientTest.getUserAndPartOfUsersTest","labels":[{"name":"package","value":"integration.ClientTest"},{"name":"testClass","value":"integration.ClientTest"},{"name":"testMethod","value":"getUserAndPartOfUsersTest"},{"name":"parentSuite","value":"TestNgParametersSuite"},{"name":"suite","value":"TestNgParametersTest"},{"name":"subSuite","value":"integration.ClientTest"},{"name":"host","value":"User-PC"},{"name":"thread","value":"5960@User-PC.TestNG-test=TestNgParametersTest-3(16)"},{"name":"framework","value":"testng"},{"name":"language","value":"java"}],"links":[]}