{"name":"createUserRegisterAndLoginTest","status":"broken","statusDetails":{"known":false,"muted":false,"flaky":false,"message":"com/fasterxml/jackson/module/paramnames/ParameterNamesModule","trace":"java.lang.NoClassDefFoundError: com/fasterxml/jackson/module/paramnames/ParameterNamesModule\r\n\tat bo.UserBO.createUser(UserBO.java:24)\r\n\tat integration.ClientTest.createUserRegisterAndLoginTest(ClientTest.java:63)\r\n\tat java.base/jdk.internal.reflect.NativeMethodAccessorImpl.invoke0(Native Method)\r\n\tat java.base/jdk.internal.reflect.NativeMethodAccessorImpl.invoke(NativeMethodAccessorImpl.java:62)\r\n\tat java.base/jdk.internal.reflect.DelegatingMethodAccessorImpl.invoke(DelegatingMethodAccessorImpl.java:43)\r\n\tat java.base/java.lang.reflect.Method.invoke(Method.java:566)\r\n\tat org.testng.internal.MethodInvocationHelper.invokeMethod(MethodInvocationHelper.java:131)\r\n\tat org.testng.internal.TestInvoker.invokeMethod(TestInvoker.java:570)\r\n\tat org.testng.internal.TestInvoker.invokeTestMethod(TestInvoker.java:170)\r\n\tat org.testng.internal.MethodRunner.runInSequence(MethodRunner.java:46)\r\n\tat org.testng.internal.TestInvoker$MethodInvocationAgent.invoke(TestInvoker.java:790)\r\n\tat org.testng.internal.TestInvoker.invokeTestMethods(TestInvoker.java:143)\r\n\tat org.testng.internal.TestMethodWorker.invokeTestMethods(TestMethodWorker.java:146)\r\n\tat org.testng.internal.TestMethodWorker.run(TestMethodWorker.java:128)\r\n\tat java.base/java.util.concurrent.ThreadPoolExecutor.runWorker(ThreadPoolExecutor.java:1128)\r\n\tat java.base/java.util.concurrent.ThreadPoolExecutor$Worker.run(ThreadPoolExecutor.java:628)\r\n\tat java.base/java.lang.Thread.run(Thread.java:834)\r\nCaused by: java.lang.ClassNotFoundException: com.fasterxml.jackson.module.paramnames.ParameterNamesModule\r\n\tat java.base/jdk.internal.loader.BuiltinClassLoader.loadClass(BuiltinClassLoader.java:583)\r\n\tat java.base/jdk.internal.loader.ClassLoaders$AppClassLoader.loadClass(ClassLoaders.java:178)\r\n\tat java.base/java.lang.ClassLoader.loadClass(ClassLoader.java:521)\r\n\t... 17 more\r\n"},"stage":"finished","steps":[{"name":"Create user with info JobUser(name=Olga, job=accountant)","status":"broken","statusDetails":{"known":false,"muted":false,"flaky":false,"message":"com/fasterxml/jackson/module/paramnames/ParameterNamesModule","trace":"java.lang.NoClassDefFoundError: com/fasterxml/jackson/module/paramnames/ParameterNamesModule\r\n\tat bo.UserBO.createUser(UserBO.java:24)\r\n\tat integration.ClientTest.createUserRegisterAndLoginTest(ClientTest.java:63)\r\n\tat java.base/jdk.internal.reflect.NativeMethodAccessorImpl.invoke0(Native Method)\r\n\tat java.base/jdk.internal.reflect.NativeMethodAccessorImpl.invoke(NativeMethodAccessorImpl.java:62)\r\n\tat java.base/jdk.internal.reflect.DelegatingMethodAccessorImpl.invoke(DelegatingMethodAccessorImpl.java:43)\r\n\tat java.base/java.lang.reflect.Method.invoke(Method.java:566)\r\n\tat org.testng.internal.MethodInvocationHelper.invokeMethod(MethodInvocationHelper.java:131)\r\n\tat org.testng.internal.TestInvoker.invokeMethod(TestInvoker.java:570)\r\n\tat org.testng.internal.TestInvoker.invokeTestMethod(TestInvoker.java:170)\r\n\tat org.testng.internal.MethodRunner.runInSequence(MethodRunner.java:46)\r\n\tat org.testng.internal.TestInvoker$MethodInvocationAgent.invoke(TestInvoker.java:790)\r\n\tat org.testng.internal.TestInvoker.invokeTestMethods(TestInvoker.java:143)\r\n\tat org.testng.internal.TestMethodWorker.invokeTestMethods(TestMethodWorker.java:146)\r\n\tat org.testng.internal.TestMethodWorker.run(TestMethodWorker.java:128)\r\n\tat java.base/java.util.concurrent.ThreadPoolExecutor.runWorker(ThreadPoolExecutor.java:1128)\r\n\tat java.base/java.util.concurrent.ThreadPoolExecutor$Worker.run(ThreadPoolExecutor.java:628)\r\n\tat java.base/java.lang.Thread.run(Thread.java:834)\r\nCaused by: java.lang.ClassNotFoundException: com.fasterxml.jackson.module.paramnames.ParameterNamesModule\r\n\tat java.base/jdk.internal.loader.BuiltinClassLoader.loadClass(BuiltinClassLoader.java:583)\r\n\tat java.base/jdk.internal.loader.ClassLoaders$AppClassLoader.loadClass(ClassLoaders.java:178)\r\n\tat java.base/java.lang.ClassLoader.loadClass(ClassLoader.java:521)\r\n\t... 17 more\r\n"},"stage":"finished","steps":[],"attachments":[],"parameters":[{"name":"jobUser","value":"JobUser(name=Olga, job=accountant)"}],"start":1575817742962,"stop":1575817746086}],"attachments":[],"parameters":[{"name":"userId","value":"8"}],"start":1575817742879,"stop":1575817746101,"uuid":"883c77b8-1f0e-4a0c-aadb-4982e3a13dec","historyId":"3205543f2000e2ffdde8c88ea12d203e","fullName":"integration.ClientTest.createUserRegisterAndLoginTest","labels":[{"name":"package","value":"integration.ClientTest"},{"name":"testClass","value":"integration.ClientTest"},{"name":"testMethod","value":"createUserRegisterAndLoginTest"},{"name":"parentSuite","value":"TestNgParametersSuite"},{"name":"suite","value":"TestNgParametersTest"},{"name":"subSuite","value":"integration.ClientTest"},{"name":"host","value":"User-PC"},{"name":"thread","value":"5960@User-PC.TestNG-test=TestNgParametersTest-1(14)"},{"name":"framework","value":"testng"},{"name":"language","value":"java"}],"links":[]}