{"name":"createUserRegisterAndLoginTest","status":"failed","statusDetails":{"known":false,"muted":false,"flaky":false,"message":"Response status-code is not: OK expected [200] but found [400]","trace":"java.lang.AssertionError: Response status-code is not: OK expected [200] but found [400]\r\n\tat org.testng.Assert.fail(Assert.java:97)\r\n\tat org.testng.Assert.assertEqualsImpl(Assert.java:136)\r\n\tat org.testng.Assert.assertEquals(Assert.java:118)\r\n\tat org.testng.Assert.assertEquals(Assert.java:839)\r\n\tat bo.RegisterBO.userRegister(RegisterBO.java:21)\r\n\tat integration.ClientTest.createUserRegisterAndLoginTest(ClientTest.java:70)\r\n\tat sun.reflect.NativeMethodAccessorImpl.invoke0(Native Method)\r\n\tat sun.reflect.NativeMethodAccessorImpl.invoke(NativeMethodAccessorImpl.java:62)\r\n\tat sun.reflect.DelegatingMethodAccessorImpl.invoke(DelegatingMethodAccessorImpl.java:43)\r\n\tat java.lang.reflect.Method.invoke(Method.java:498)\r\n\tat org.testng.internal.MethodInvocationHelper.invokeMethod(MethodInvocationHelper.java:131)\r\n\tat org.testng.internal.TestInvoker.invokeMethod(TestInvoker.java:570)\r\n\tat org.testng.internal.TestInvoker.invokeTestMethod(TestInvoker.java:170)\r\n\tat org.testng.internal.MethodRunner.runInSequence(MethodRunner.java:46)\r\n\tat org.testng.internal.TestInvoker$MethodInvocationAgent.invoke(TestInvoker.java:790)\r\n\tat org.testng.internal.TestInvoker.invokeTestMethods(TestInvoker.java:143)\r\n\tat org.testng.internal.TestMethodWorker.invokeTestMethods(TestMethodWorker.java:146)\r\n\tat org.testng.internal.TestMethodWorker.run(TestMethodWorker.java:128)\r\n\tat org.testng.TestRunner.privateRun(TestRunner.java:763)\r\n\tat org.testng.TestRunner.run(TestRunner.java:594)\r\n\tat org.testng.SuiteRunner.runTest(SuiteRunner.java:398)\r\n\tat org.testng.SuiteRunner.runSequentially(SuiteRunner.java:392)\r\n\tat org.testng.SuiteRunner.privateRun(SuiteRunner.java:355)\r\n\tat org.testng.SuiteRunner.run(SuiteRunner.java:304)\r\n\tat org.testng.SuiteRunnerWorker.runSuite(SuiteRunnerWorker.java:53)\r\n\tat org.testng.SuiteRunnerWorker.run(SuiteRunnerWorker.java:96)\r\n\tat org.testng.TestNG.runSuitesSequentially(TestNG.java:1146)\r\n\tat org.testng.TestNG.runSuitesLocally(TestNG.java:1067)\r\n\tat org.testng.TestNG.runSuites(TestNG.java:997)\r\n\tat org.testng.TestNG.run(TestNG.java:965)\r\n\tat org.testng.IDEARemoteTestNG.run(IDEARemoteTestNG.java:72)\r\n\tat org.testng.RemoteTestNGStarter.main(RemoteTestNGStarter.java:123)\r\n"},"stage":"finished","steps":[{"name":"Create user with info JobUser(name=Olga, job=accountant)","status":"passed","stage":"finished","steps":[],"attachments":[],"parameters":[{"name":"jobUser","value":"JobUser(name=Olga, job=accountant)"}],"start":1576349262531,"stop":1576349262780},{"name":"Register user with credential UserCredential(email=olisia@reqres.in, password=humana)","status":"failed","statusDetails":{"known":false,"muted":false,"flaky":false,"message":"Response status-code is not: OK expected [200] but found [400]","trace":"java.lang.AssertionError: Response status-code is not: OK expected [200] but found [400]\r\n\tat org.testng.Assert.fail(Assert.java:97)\r\n\tat org.testng.Assert.assertEqualsImpl(Assert.java:136)\r\n\tat org.testng.Assert.assertEquals(Assert.java:118)\r\n\tat org.testng.Assert.assertEquals(Assert.java:839)\r\n\tat bo.RegisterBO.userRegister(RegisterBO.java:21)\r\n\tat integration.ClientTest.createUserRegisterAndLoginTest(ClientTest.java:70)\r\n\tat sun.reflect.NativeMethodAccessorImpl.invoke0(Native Method)\r\n\tat sun.reflect.NativeMethodAccessorImpl.invoke(NativeMethodAccessorImpl.java:62)\r\n\tat sun.reflect.DelegatingMethodAccessorImpl.invoke(DelegatingMethodAccessorImpl.java:43)\r\n\tat java.lang.reflect.Method.invoke(Method.java:498)\r\n\tat org.testng.internal.MethodInvocationHelper.invokeMethod(MethodInvocationHelper.java:131)\r\n\tat org.testng.internal.TestInvoker.invokeMethod(TestInvoker.java:570)\r\n\tat org.testng.internal.TestInvoker.invokeTestMethod(TestInvoker.java:170)\r\n\tat org.testng.internal.MethodRunner.runInSequence(MethodRunner.java:46)\r\n\tat org.testng.internal.TestInvoker$MethodInvocationAgent.invoke(TestInvoker.java:790)\r\n\tat org.testng.internal.TestInvoker.invokeTestMethods(TestInvoker.java:143)\r\n\tat org.testng.internal.TestMethodWorker.invokeTestMethods(TestMethodWorker.java:146)\r\n\tat org.testng.internal.TestMethodWorker.run(TestMethodWorker.java:128)\r\n\tat org.testng.TestRunner.privateRun(TestRunner.java:763)\r\n\tat org.testng.TestRunner.run(TestRunner.java:594)\r\n\tat org.testng.SuiteRunner.runTest(SuiteRunner.java:398)\r\n\tat org.testng.SuiteRunner.runSequentially(SuiteRunner.java:392)\r\n\tat org.testng.SuiteRunner.privateRun(SuiteRunner.java:355)\r\n\tat org.testng.SuiteRunner.run(SuiteRunner.java:304)\r\n\tat org.testng.SuiteRunnerWorker.runSuite(SuiteRunnerWorker.java:53)\r\n\tat org.testng.SuiteRunnerWorker.run(SuiteRunnerWorker.java:96)\r\n\tat org.testng.TestNG.runSuitesSequentially(TestNG.java:1146)\r\n\tat org.testng.TestNG.runSuitesLocally(TestNG.java:1067)\r\n\tat org.testng.TestNG.runSuites(TestNG.java:997)\r\n\tat org.testng.TestNG.run(TestNG.java:965)\r\n\tat org.testng.IDEARemoteTestNG.run(IDEARemoteTestNG.java:72)\r\n\tat org.testng.RemoteTestNGStarter.main(RemoteTestNGStarter.java:123)\r\n"},"stage":"finished","steps":[],"attachments":[],"parameters":[{"name":"userCredential","value":"UserCredential(email=olisia@reqres.in, password=humana)"}],"start":1576349262780,"stop":1576349263039}],"attachments":[{"name":"Test logs","source":"0d2306db-eebb-4e0f-a0fd-925508981d82-attachment","type":"text/html"}],"parameters":[{"name":"arg1","value":"humana"},{"name":"arg0","value":"olisia@reqres.in"}],"start":1576349262530,"stop":1576349263041,"uuid":"b6dec44e-33d8-4348-98d6-eba14ef18d7e","historyId":"58e7481b0319e49be4e11e55cfcd7558","fullName":"integration.ClientTest.createUserRegisterAndLoginTest","labels":[{"name":"package","value":"integration.ClientTest"},{"name":"testClass","value":"integration.ClientTest"},{"name":"testMethod","value":"createUserRegisterAndLoginTest"},{"name":"parentSuite","value":"Default Suite"},{"name":"suite","value":"api-testing"},{"name":"subSuite","value":"integration.ClientTest"},{"name":"host","value":"Romanka-ПК"},{"name":"thread","value":"948@Romanka-ПК.main(1)"},{"name":"framework","value":"testng"},{"name":"language","value":"java"}],"links":[]}