{"name":"createUserTest","status":"broken","statusDetails":{"known":false,"muted":false,"flaky":false,"message":"Problem with reading the data, class model.responses.CreateUserResponse, ContentType: application/json;charset=utf-8.","trace":"javax.ws.rs.client.ResponseProcessingException: Problem with reading the data, class model.responses.CreateUserResponse, ContentType: application/json;charset=utf-8.\r\n\tat org.apache.cxf.jaxrs.impl.ResponseImpl.reportMessageHandlerProblem(ResponseImpl.java:438)\r\n\tat org.apache.cxf.jaxrs.impl.ResponseImpl.doReadEntity(ResponseImpl.java:378)\r\n\tat org.apache.cxf.jaxrs.impl.ResponseImpl.readEntity(ResponseImpl.java:319)\r\n\tat org.apache.cxf.jaxrs.impl.ResponseImpl.readEntity(ResponseImpl.java:309)\r\n\tat UserClientTest.createUserTest(UserClientTest.java:18)\r\n\tat java.base/jdk.internal.reflect.NativeMethodAccessorImpl.invoke0(Native Method)\r\n\tat java.base/jdk.internal.reflect.NativeMethodAccessorImpl.invoke(NativeMethodAccessorImpl.java:62)\r\n\tat java.base/jdk.internal.reflect.DelegatingMethodAccessorImpl.invoke(DelegatingMethodAccessorImpl.java:43)\r\n\tat java.base/java.lang.reflect.Method.invoke(Method.java:566)\r\n\tat org.testng.internal.MethodInvocationHelper.invokeMethod(MethodInvocationHelper.java:124)\r\n\tat org.testng.internal.Invoker.invokeMethod(Invoker.java:583)\r\n\tat org.testng.internal.Invoker.invokeTestMethod(Invoker.java:719)\r\n\tat org.testng.internal.Invoker.invokeTestMethods(Invoker.java:989)\r\n\tat org.testng.internal.TestMethodWorker.invokeTestMethods(TestMethodWorker.java:125)\r\n\tat org.testng.internal.TestMethodWorker.run(TestMethodWorker.java:109)\r\n\tat org.testng.TestRunner.privateRun(TestRunner.java:648)\r\n\tat org.testng.TestRunner.run(TestRunner.java:505)\r\n\tat org.testng.SuiteRunner.runTest(SuiteRunner.java:455)\r\n\tat org.testng.SuiteRunner.runSequentially(SuiteRunner.java:450)\r\n\tat org.testng.SuiteRunner.privateRun(SuiteRunner.java:415)\r\n\tat org.testng.SuiteRunner.run(SuiteRunner.java:364)\r\n\tat org.testng.SuiteRunnerWorker.runSuite(SuiteRunnerWorker.java:52)\r\n\tat org.testng.SuiteRunnerWorker.run(SuiteRunnerWorker.java:84)\r\n\tat org.testng.TestNG.runSuitesSequentially(TestNG.java:1208)\r\n\tat org.testng.TestNG.runSuitesLocally(TestNG.java:1137)\r\n\tat org.testng.TestNG.runSuites(TestNG.java:1049)\r\n\tat org.testng.TestNG.run(TestNG.java:1017)\r\n\tat org.testng.IDEARemoteTestNG.run(IDEARemoteTestNG.java:73)\r\n\tat org.testng.RemoteTestNGStarter.main(RemoteTestNGStarter.java:123)\r\nCaused by: org.codehaus.jackson.map.JsonMappingException: Can not instantiate value of type [simple type, class java.time.LocalDate] from JSON String; no single-String constructor/factory method (through reference chain: model.responses.CreateUserResponse[\"createdAt\"])\r\n\tat org.codehaus.jackson.map.deser.std.StdValueInstantiator._createFromStringFallbacks(StdValueInstantiator.java:379)\r\n\tat org.codehaus.jackson.map.deser.std.StdValueInstantiator.createFromString(StdValueInstantiator.java:268)\r\n\tat org.codehaus.jackson.map.deser.BeanDeserializer.deserializeFromString(BeanDeserializer.java:765)\r\n\tat org.codehaus.jackson.map.deser.BeanDeserializer.deserialize(BeanDeserializer.java:585)\r\n\tat org.codehaus.jackson.map.deser.SettableBeanProperty.deserialize(SettableBeanProperty.java:299)\r\n\tat org.codehaus.jackson.map.deser.SettableBeanProperty$MethodProperty.deserializeAndSet(SettableBeanProperty.java:414)\r\n\tat org.codehaus.jackson.map.deser.BeanDeserializer.deserializeFromObject(BeanDeserializer.java:697)\r\n\tat org.codehaus.jackson.map.deser.BeanDeserializer.deserialize(BeanDeserializer.java:580)\r\n\tat org.codehaus.jackson.map.ObjectMapper._readValue(ObjectMapper.java:2704)\r\n\tat org.codehaus.jackson.map.ObjectMapper.readValue(ObjectMapper.java:1315)\r\n\tat org.codehaus.jackson.jaxrs.JacksonJsonProvider.readFrom(JacksonJsonProvider.java:419)\r\n\tat org.apache.cxf.jaxrs.utils.JAXRSUtils.readFromMessageBodyReader(JAXRSUtils.java:1376)\r\n\tat org.apache.cxf.jaxrs.impl.ResponseImpl.doReadEntity(ResponseImpl.java:369)\r\n\t... 27 more\r\n"},"stage":"finished","steps":[],"attachments":[],"parameters":[],"start":1574626939274,"stop":1574626942630,"uuid":"c824c3c6-e451-401d-8de0-c855188319c4","historyId":"a1d4017caec2263c88376755855a97b8","fullName":"UserClientTest.createUserTest","labels":[{"name":"package","value":"UserClientTest"},{"name":"testClass","value":"UserClientTest"},{"name":"testMethod","value":"createUserTest"},{"name":"parentSuite","value":"Default Suite"},{"name":"suite","value":"api-testing"},{"name":"subSuite","value":"UserClientTest"},{"name":"host","value":"User-PC"},{"name":"thread","value":"6576@User-PC.main(1)"},{"name":"framework","value":"testng"},{"name":"language","value":"java"}],"links":[]}